15:19:38.877 [main] INFO  c.J.JournelApp.JournalAppApplication - Starting JournalAppApplication using Java 21.0.6 with PID 417908 (/home/manu-raj/Projects/JournelApp/target/classes started by manu-raj in /home/manu-raj/Projects/JournelApp)
15:19:38.878 [main] INFO  c.J.JournelApp.JournalAppApplication - The following 1 profile is active: "dev"
15:19:39.208 [main] INFO  o.s.d.r.c.RepositoryConfigurationDelegate - Bootstrapping Spring Data Reactive MongoDB repositories in DEFAULT mode.
15:19:39.272 [main] INFO  o.s.d.r.c.RepositoryConfigurationDelegate - Finished Spring Data repository scanning in 60 ms. Found 0 Reactive MongoDB repository interfaces.
15:19:39.275 [main] INFO  o.s.d.r.c.RepositoryConfigurationDelegate - Bootstrapping Spring Data MongoDB repositories in DEFAULT mode.
15:19:39.285 [main] INFO  o.s.d.r.c.RepositoryConfigurationDelegate - Finished Spring Data repository scanning in 8 ms. Found 2 MongoDB repository interfaces.
15:19:39.527 [main] INFO  o.s.b.w.e.tomcat.TomcatWebServer - Tomcat initialized with port 8080 (http)
15:19:39.532 [main] INFO  o.a.coyote.http11.Http11NioProtocol - Initializing ProtocolHandler ["http-nio-8080"]
15:19:39.533 [main] INFO  o.a.catalina.core.StandardService - Starting service [Tomcat]
15:19:39.533 [main] INFO  o.a.catalina.core.StandardEngine - Starting Servlet engine: [Apache Tomcat/10.1.34]
15:19:39.553 [main] INFO  o.a.c.c.C.[.[.[/journalApp] - Initializing Spring embedded WebApplicationContext
15:19:39.553 [main] INFO  o.s.b.w.s.c.ServletWebServerApplicationContext - Root WebApplicationContext: initialization completed in 652 ms
15:19:40.350 [main] INFO  org.mongodb.driver.client - MongoClient with metadata {"application": {"name": "Cluster0"}, "driver": {"name": "mongo-java-driver|sync|spring-boot", "version": "5.2.1"}, "os": {"type": "Linux", "name": "Linux", "architecture": "amd64", "version": "6.5.0-41-generic"}, "platform": "Java/Ubuntu/21.0.6+7-Ubuntu-124.04.1"} created with settings MongoClientSettings{readPreference=primary, writeConcern=WriteConcern{w=majority, wTimeout=null ms, journal=null}, retryWrites=true, retryReads=true, readConcern=ReadConcern{level=null}, credential=MongoCredential{mechanism=null, userName='manuraj0642', source='admin', password=<hidden>, mechanismProperties=<hidden>}, transportSettings=null, commandListeners=[], codecRegistry=ProvidersCodecRegistry{codecProviders=[ValueCodecProvider{}, BsonValueCodecProvider{}, DBRefCodecProvider{}, DBObjectCodecProvider{}, DocumentCodecProvider{}, CollectionCodecProvider{}, IterableCodecProvider{}, MapCodecProvider{}, GeoJsonCodecProvider{}, GridFSFileCodecProvider{}, Jsr310CodecProvider{}, JsonObjectCodecProvider{}, BsonCodecProvider{}, EnumCodecProvider{}, com.mongodb.client.model.mql.ExpressionCodecProvider@4863c8ac, com.mongodb.Jep395RecordCodecProvider@56fda064, com.mongodb.KotlinCodecProvider@6cdee57]}, loggerSettings=LoggerSettings{maxDocumentLength=1000}, clusterSettings={hosts=[127.0.0.1:27017], srvHost=cluster0.qvcxx.mongodb.net, srvServiceName=mongodb, mode=MULTIPLE, requiredClusterType=REPLICA_SET, requiredReplicaSetName='atlas-13jav3-shard-0', serverSelector='null', clusterListeners='[]', serverSelectionTimeout='30000 ms', localThreshold='15 ms'}, socketSettings=SocketSettings{connectTimeoutMS=10000, readTimeoutMS=0, receiveBufferSize=0, proxySettings=ProxySettings{host=null, port=null, username=null, password=null}}, heartbeatSocketSettings=SocketSettings{connectTimeoutMS=10000, readTimeoutMS=10000, receiveBufferSize=0, proxySettings=ProxySettings{host=null, port=null, username=null, password=null}}, connectionPoolSettings=ConnectionPoolSettings{maxSize=100, minSize=0, maxWaitTimeMS=120000, maxConnectionLifeTimeMS=0, maxConnectionIdleTimeMS=0, maintenanceInitialDelayMS=0, maintenanceFrequencyMS=60000, connectionPoolListeners=[], maxConnecting=2}, serverSettings=ServerSettings{heartbeatFrequencyMS=10000, minHeartbeatFrequencyMS=500, serverMonitoringMode=AUTO, serverListeners='[]', serverMonitorListeners='[]'}, sslSettings=SslSettings{enabled=true, invalidHostNameAllowed=false, context=null}, applicationName='Cluster0', compressorList=[], uuidRepresentation=JAVA_LEGACY, serverApi=null, autoEncryptionSettings=null, dnsClient=null, inetAddressResolver=null, contextProvider=null, timeoutMS=null}
15:19:40.464 [main] INFO  org.mongodb.driver.cluster - Waiting for server to become available for operation with ID 2. Remaining time: 29997 ms. Selector: WritableServerSelector, topology description: {type=UNKNOWN, servers=[].
15:19:41.342 [cluster-ClusterId{value='67e913b402d42751c12ee096', description='Cluster0'}-srv-cluster0.qvcxx.mongodb.net] INFO  org.mongodb.driver.cluster - Adding discovered server cluster0-shard-00-01.qvcxx.mongodb.net:27017 to client view of cluster
15:19:41.360 [cluster-ClusterId{value='67e913b402d42751c12ee096', description='Cluster0'}-srv-cluster0.qvcxx.mongodb.net] INFO  org.mongodb.driver.cluster - Adding discovered server cluster0-shard-00-02.qvcxx.mongodb.net:27017 to client view of cluster
15:19:41.361 [cluster-ClusterId{value='67e913b402d42751c12ee096', description='Cluster0'}-srv-cluster0.qvcxx.mongodb.net] INFO  org.mongodb.driver.cluster - Adding discovered server cluster0-shard-00-00.qvcxx.mongodb.net:27017 to client view of cluster
15:19:42.494 [cluster-ClusterId{value='67e913b402d42751c12ee096', description='Cluster0'}-cluster0-shard-00-00.qvcxx.mongodb.net:27017] INFO  org.mongodb.driver.cluster - Monitor thread successfully connected to server with description ServerDescription{address=cluster0-shard-00-00.qvcxx.mongodb.net:27017, type=REPLICA_SET_SECONDARY, cryptd=false, state=CONNECTED, ok=true, minWireVersion=0, maxWireVersion=25, maxDocumentSize=16777216, logicalSessionTimeoutMinutes=30, roundTripTimeNanos=347162301, minRoundTripTimeNanos=0, setName='atlas-13jav3-shard-0', canonicalAddress=cluster0-shard-00-00.qvcxx.mongodb.net:27017, hosts=[cluster0-shard-00-02.qvcxx.mongodb.net:27017, cluster0-shard-00-01.qvcxx.mongodb.net:27017, cluster0-shard-00-00.qvcxx.mongodb.net:27017], passives=[], arbiters=[], primary='cluster0-shard-00-01.qvcxx.mongodb.net:27017', tagSet=TagSet{[Tag{name='availabilityZone', value='aps1-az1'}, Tag{name='diskState', value='READY'}, Tag{name='nodeType', value='ELECTABLE'}, Tag{name='provider', value='AWS'}, Tag{name='region', value='AP_SOUTH_1'}, Tag{name='workloadType', value='OPERATIONAL'}]}, electionId=null, setVersion=1, topologyVersion=TopologyVersion{processId=67ddb822d8cfd643a5418275, counter=4}, lastWriteDate=Sun Mar 30 15:19:37 IST 2025, lastUpdateTimeNanos=333981868828685}
15:19:42.494 [cluster-ClusterId{value='67e913b402d42751c12ee096', description='Cluster0'}-cluster0-shard-00-02.qvcxx.mongodb.net:27017] INFO  org.mongodb.driver.cluster - Monitor thread successfully connected to server with description ServerDescription{address=cluster0-shard-00-02.qvcxx.mongodb.net:27017, type=REPLICA_SET_SECONDARY, cryptd=false, state=CONNECTED, ok=true, minWireVersion=0, maxWireVersion=25, maxDocumentSize=16777216, logicalSessionTimeoutMinutes=30, roundTripTimeNanos=351071433, minRoundTripTimeNanos=0, setName='atlas-13jav3-shard-0', canonicalAddress=cluster0-shard-00-02.qvcxx.mongodb.net:27017, hosts=[cluster0-shard-00-02.qvcxx.mongodb.net:27017, cluster0-shard-00-01.qvcxx.mongodb.net:27017, cluster0-shard-00-00.qvcxx.mongodb.net:27017], passives=[], arbiters=[], primary='cluster0-shard-00-01.qvcxx.mongodb.net:27017', tagSet=TagSet{[Tag{name='availabilityZone', value='aps1-az2'}, Tag{name='diskState', value='READY'}, Tag{name='nodeType', value='ELECTABLE'}, Tag{name='provider', value='AWS'}, Tag{name='region', value='AP_SOUTH_1'}, Tag{name='workloadType', value='OPERATIONAL'}]}, electionId=null, setVersion=1, topologyVersion=TopologyVersion{processId=67ddb88e103703b27320cada, counter=3}, lastWriteDate=Sun Mar 30 15:19:37 IST 2025, lastUpdateTimeNanos=333981868829082}
15:19:43.651 [cluster-ClusterId{value='67e913b402d42751c12ee096', description='Cluster0'}-cluster0-shard-00-01.qvcxx.mongodb.net:27017] INFO  org.mongodb.driver.cluster - Monitor thread successfully connected to server with description ServerDescription{address=cluster0-shard-00-01.qvcxx.mongodb.net:27017, type=REPLICA_SET_PRIMARY, cryptd=false, state=CONNECTED, ok=true, minWireVersion=0, maxWireVersion=25, maxDocumentSize=16777216, logicalSessionTimeoutMinutes=30, roundTripTimeNanos=292850981, minRoundTripTimeNanos=0, setName='atlas-13jav3-shard-0', canonicalAddress=cluster0-shard-00-01.qvcxx.mongodb.net:27017, hosts=[cluster0-shard-00-02.qvcxx.mongodb.net:27017, cluster0-shard-00-01.qvcxx.mongodb.net:27017, cluster0-shard-00-00.qvcxx.mongodb.net:27017], passives=[], arbiters=[], primary='cluster0-shard-00-01.qvcxx.mongodb.net:27017', tagSet=TagSet{[Tag{name='availabilityZone', value='aps1-az3'}, Tag{name='diskState', value='READY'}, Tag{name='nodeType', value='ELECTABLE'}, Tag{name='provider', value='AWS'}, Tag{name='region', value='AP_SOUTH_1'}, Tag{name='workloadType', value='OPERATIONAL'}]}, electionId=7fffffff000000000000000a, setVersion=1, topologyVersion=TopologyVersion{processId=67ddb858e0626b8891f5d152, counter=6}, lastWriteDate=Sun Mar 30 15:19:37 IST 2025, lastUpdateTimeNanos=333983026600547}
15:19:43.652 [cluster-ClusterId{value='67e913b402d42751c12ee096', description='Cluster0'}-cluster0-shard-00-01.qvcxx.mongodb.net:27017] INFO  org.mongodb.driver.cluster - Discovered replica set primary cluster0-shard-00-01.qvcxx.mongodb.net:27017 with max election id 7fffffff000000000000000a and max set version 1
15:19:45.122 [main] INFO  o.s.s.c.a.a.c.InitializeUserDetailsBeanManagerConfigurer$InitializeUserDetailsManagerConfigurer - Global AuthenticationManager configured with UserDetailsService bean with name userDetailServiceImpl
15:19:45.291 [main] WARN  o.s.b.a.t.ThymeleafAutoConfiguration$DefaultTemplateResolverConfiguration - Cannot find template location: classpath:/templates/ (please add some templates, check your Thymeleaf configuration, or set spring.thymeleaf.check-template-location=false)
15:19:45.310 [cluster-ClusterId{value='67e913b902d42751c12ee097', description='Cluster0'}-srv-cluster0.qvcxx.mongodb.net] INFO  org.mongodb.driver.cluster - Adding discovered server cluster0-shard-00-01.qvcxx.mongodb.net:27017 to client view of cluster
15:19:45.311 [cluster-ClusterId{value='67e913b902d42751c12ee097', description='Cluster0'}-srv-cluster0.qvcxx.mongodb.net] INFO  org.mongodb.driver.cluster - Adding discovered server cluster0-shard-00-02.qvcxx.mongodb.net:27017 to client view of cluster
15:19:45.312 [cluster-ClusterId{value='67e913b902d42751c12ee097', description='Cluster0'}-srv-cluster0.qvcxx.mongodb.net] INFO  org.mongodb.driver.cluster - Adding discovered server cluster0-shard-00-00.qvcxx.mongodb.net:27017 to client view of cluster
15:19:45.313 [main] INFO  org.mongodb.driver.client - MongoClient with metadata {"application": {"name": "Cluster0"}, "driver": {"name": "mongo-java-driver|reactive-streams|spring-boot", "version": "5.2.1"}, "os": {"type": "Linux", "name": "Linux", "architecture": "amd64", "version": "6.5.0-41-generic"}, "platform": "Java/Ubuntu/21.0.6+7-Ubuntu-124.04.1"} created with settings MongoClientSettings{readPreference=primary, writeConcern=WriteConcern{w=majority, wTimeout=null ms, journal=null}, retryWrites=true, retryReads=true, readConcern=ReadConcern{level=null}, credential=MongoCredential{mechanism=null, userName='manuraj0642', source='admin', password=<hidden>, mechanismProperties=<hidden>}, transportSettings=null, commandListeners=[], codecRegistry=ProvidersCodecRegistry{codecProviders=[ValueCodecProvider{}, BsonValueCodecProvider{}, DBRefCodecProvider{}, DBObjectCodecProvider{}, DocumentCodecProvider{}, CollectionCodecProvider{}, IterableCodecProvider{}, MapCodecProvider{}, GeoJsonCodecProvider{}, GridFSFileCodecProvider{}, Jsr310CodecProvider{}, JsonObjectCodecProvider{}, BsonCodecProvider{}, EnumCodecProvider{}, com.mongodb.client.model.mql.ExpressionCodecProvider@4863c8ac, com.mongodb.Jep395RecordCodecProvider@56fda064, com.mongodb.KotlinCodecProvider@6cdee57]}, loggerSettings=LoggerSettings{maxDocumentLength=1000}, clusterSettings={hosts=[127.0.0.1:27017], srvHost=cluster0.qvcxx.mongodb.net, srvServiceName=mongodb, mode=MULTIPLE, requiredClusterType=REPLICA_SET, requiredReplicaSetName='atlas-13jav3-shard-0', serverSelector='null', clusterListeners='[]', serverSelectionTimeout='30000 ms', localThreshold='15 ms'}, socketSettings=SocketSettings{connectTimeoutMS=10000, readTimeoutMS=0, receiveBufferSize=0, proxySettings=ProxySettings{host=null, port=null, username=null, password=null}}, heartbeatSocketSettings=SocketSettings{connectTimeoutMS=10000, readTimeoutMS=10000, receiveBufferSize=0, proxySettings=ProxySettings{host=null, port=null, username=null, password=null}}, connectionPoolSettings=ConnectionPoolSettings{maxSize=100, minSize=0, maxWaitTimeMS=120000, maxConnectionLifeTimeMS=0, maxConnectionIdleTimeMS=0, maintenanceInitialDelayMS=0, maintenanceFrequencyMS=60000, connectionPoolListeners=[], maxConnecting=2}, serverSettings=ServerSettings{heartbeatFrequencyMS=10000, minHeartbeatFrequencyMS=500, serverMonitoringMode=AUTO, serverListeners='[]', serverMonitorListeners='[]'}, sslSettings=SslSettings{enabled=true, invalidHostNameAllowed=false, context=null}, applicationName='Cluster0', compressorList=[], uuidRepresentation=JAVA_LEGACY, serverApi=null, autoEncryptionSettings=null, dnsClient=null, inetAddressResolver=null, contextProvider=null, timeoutMS=null}
15:19:45.341 [main] INFO  org.mongodb.driver.cluster - Waiting for server to become available for operation with ID 16. Remaining time: 29999 ms. Selector: WritableServerSelector, topology description: {type=REPLICA_SET, servers=[{address=cluster0-shard-00-02.qvcxx.mongodb.net:27017, type=UNKNOWN, state=CONNECTING}, {address=cluster0-shard-00-01.qvcxx.mongodb.net:27017, type=UNKNOWN, state=CONNECTING}, {address=cluster0-shard-00-00.qvcxx.mongodb.net:27017, type=UNKNOWN, state=CONNECTING}].
15:19:45.374 [main] INFO  o.a.coyote.http11.Http11NioProtocol - Starting ProtocolHandler ["http-nio-8080"]
15:19:45.376 [main] WARN  o.s.b.w.s.c.AnnotationConfigServletWebServerApplicationContext - Exception encountered during context initialization - cancelling refresh attempt: org.springframework.context.ApplicationContextException: Failed to start bean 'webServerStartStop'
15:19:45.380 [cluster-67e913b902d42751c12ee097] ERROR o.s.d.m.core.ReactiveMongoTemplate - Unexpected exception during asynchronous execution
org.springframework.data.mongodb.UncategorizedMongoDbException: Shutdown in progress
	at org.springframework.data.mongodb.core.MongoExceptionTranslator.doTranslateException(MongoExceptionTranslator.java:151)
	at org.springframework.data.mongodb.core.MongoExceptionTranslator.translateExceptionIfPossible(MongoExceptionTranslator.java:74)
	at org.springframework.data.mongodb.core.ReactiveMongoTemplate.potentiallyConvertRuntimeException(ReactiveMongoTemplate.java:2768)
	at org.springframework.data.mongodb.core.ReactiveMongoTemplate.lambda$translateException$99(ReactiveMongoTemplate.java:2751)
	at reactor.core.publisher.Flux.lambda$onErrorMap$28(Flux.java:7318)
	at reactor.core.publisher.FluxOnErrorResume$ResumeSubscriber.onError(FluxOnErrorResume.java:94)
	at reactor.core.publisher.MonoFlatMapMany$FlatMapManyInner.onError(MonoFlatMapMany.java:256)
	at reactor.core.publisher.FluxConcatArray$ConcatArraySubscriber.onError(FluxConcatArray.java:186)
	at reactor.core.publisher.MonoIgnoreElements$IgnoreElementsSubscriber.onError(MonoIgnoreElements.java:84)
	at reactor.core.publisher.MonoNext$NextSubscriber.onError(MonoNext.java:93)
	at reactor.core.publisher.MonoNext$NextSubscriber.onError(MonoNext.java:93)
	at reactor.core.publisher.MonoFlatMap$FlatMapMain.secondError(MonoFlatMap.java:241)
	at reactor.core.publisher.MonoFlatMap$FlatMapInner.onError(MonoFlatMap.java:315)
	at reactor.core.publisher.MonoPeekTerminal$MonoTerminalPeekSubscriber.onError(MonoPeekTerminal.java:258)
	at reactor.core.publisher.MonoCreate$DefaultMonoSink.error(MonoCreate.java:205)
	at com.mongodb.reactivestreams.client.internal.MongoOperationPublisher.lambda$sinkToCallback$37(MongoOperationPublisher.java:586)
	at com.mongodb.reactivestreams.client.internal.OperationExecutorImpl.lambda$execute$7(OperationExecutorImpl.java:126)
	at com.mongodb.internal.operation.CreateIndexesOperation.lambda$executeAsync$0(CreateIndexesOperation.java:118)
	at com.mongodb.internal.async.ErrorHandlingResultCallback.onResult(ErrorHandlingResultCallback.java:47)
	at com.mongodb.internal.operation.AsyncOperationHelper.lambda$withAsyncSuppliedResource$3(AsyncOperationHelper.java:134)
	at com.mongodb.reactivestreams.client.internal.ClientSessionBinding$WrappingCallback.onResult(ClientSessionBinding.java:260)
	at com.mongodb.reactivestreams.client.internal.ClientSessionBinding$WrappingCallback.onResult(ClientSessionBinding.java:250)
	at com.mongodb.internal.binding.AsyncClusterBinding.lambda$getAsyncClusterBindingConnectionSource$1(AsyncClusterBinding.java:122)
	at com.mongodb.internal.connection.BaseCluster$ServerSelectionRequest.onResult(BaseCluster.java:453)
	at com.mongodb.internal.connection.BaseCluster$WaitQueueHandler.run(BaseCluster.java:531)
	at java.base/java.lang.Thread.run(Thread.java:1583)
Caused by: com.mongodb.MongoClientException: Shutdown in progress
	... 2 common frames omitted
15:19:45.849 [main] INFO  o.s.b.a.l.ConditionEvaluationReportLogger - 

Error starting ApplicationContext. To display the condition evaluation report re-run your application with 'debug' enabled.
15:19:45.858 [main] ERROR o.s.b.d.LoggingFailureAnalysisReporter - 

***************************
APPLICATION FAILED TO START
***************************

Description:

Web server failed to start. Port 8080 was already in use.

Action:

Identify and stop the process that's listening on port 8080 or configure this application to listen on another port.

