09:28:15.831 [cluster-ClusterId{value='67e6347407862b71ef0dcc78', description='Cluster0'}-cluster0-shard-00-00.qvcxx.mongodb.net:27017] INFO  org.mongodb.driver.cluster - Exception in monitor thread while connecting to server cluster0-shard-00-00.qvcxx.mongodb.net:27017
com.mongodb.MongoSocketReadTimeoutException: Timeout while receiving message
	at com.mongodb.internal.connection.AsynchronousChannelStream$BasicCompletionHandler.failed(AsynchronousChannelStream.java:253)
	at com.mongodb.internal.connection.AsynchronousChannelStream$BasicCompletionHandler.failed(AsynchronousChannelStream.java:220)
	at com.mongodb.internal.connection.tlschannel.async.AsynchronousTlsChannel.lambda$read$6(AsynchronousTlsChannel.java:123)
	at java.base/java.util.concurrent.Executors$RunnableAdapter.call(Executors.java:572)
	at java.base/java.util.concurrent.FutureTask.run(FutureTask.java:317)
	at java.base/java.util.concurrent.ThreadPoolExecutor.runWorker(ThreadPoolExecutor.java:1144)
	at java.base/java.util.concurrent.ThreadPoolExecutor$Worker.run(ThreadPoolExecutor.java:642)
	at java.base/java.lang.Thread.run(Thread.java:1583)
Caused by: java.nio.channels.InterruptedByTimeoutException: null
	at com.mongodb.internal.connection.tlschannel.async.AsynchronousTlsChannelGroup.lambda$startRead$2(AsynchronousTlsChannelGroup.java:314)
	at java.base/java.util.concurrent.Executors$RunnableAdapter.call(Executors.java:572)
	at java.base/java.util.concurrent.FutureTask.run(FutureTask.java:317)
	at java.base/java.util.concurrent.ScheduledThreadPoolExecutor$ScheduledFutureTask.run(ScheduledThreadPoolExecutor.java:304)
	... 3 common frames omitted
09:28:15.878 [cluster-ClusterId{value='67e6347407862b71ef0dcc78', description='Cluster0'}-cluster0-shard-00-00.qvcxx.mongodb.net:27017] INFO  org.mongodb.driver.cluster - Exception in monitor thread while connecting to server cluster0-shard-00-00.qvcxx.mongodb.net:27017
com.mongodb.MongoSocketOpenException: Exception opening socket
	at com.mongodb.internal.connection.TlsChannelStreamFactoryFactory$TlsChannelStream.lambda$openAsync$0(TlsChannelStreamFactoryFactory.java:230)
	at com.mongodb.internal.connection.TlsChannelStreamFactoryFactory$SelectorMonitor.lambda$start$0(TlsChannelStreamFactoryFactory.java:128)
	at java.base/java.lang.Thread.run(Thread.java:1583)
Caused by: java.net.ConnectException: Connection refused
	at java.base/sun.nio.ch.Net.pollConnect(Native Method)
	at java.base/sun.nio.ch.Net.pollConnectNow(Net.java:682)
	at java.base/sun.nio.ch.SocketChannelImpl.finishConnect(SocketChannelImpl.java:973)
	at com.mongodb.internal.connection.TlsChannelStreamFactoryFactory$TlsChannelStream.lambda$openAsync$0(TlsChannelStreamFactoryFactory.java:202)
	... 2 common frames omitted
09:28:17.151 [cluster-ClusterId{value='67e6347407862b71ef0dcc78', description='Cluster0'}-cluster0-shard-00-01.qvcxx.mongodb.net:27017] INFO  org.mongodb.driver.cluster - Exception in monitor thread while connecting to server cluster0-shard-00-01.qvcxx.mongodb.net:27017
com.mongodb.MongoSocketReadTimeoutException: Timeout while receiving message
	at com.mongodb.internal.connection.AsynchronousChannelStream$BasicCompletionHandler.failed(AsynchronousChannelStream.java:253)
	at com.mongodb.internal.connection.AsynchronousChannelStream$BasicCompletionHandler.failed(AsynchronousChannelStream.java:220)
	at com.mongodb.internal.connection.tlschannel.async.AsynchronousTlsChannel.lambda$read$6(AsynchronousTlsChannel.java:123)
	at java.base/java.util.concurrent.Executors$RunnableAdapter.call(Executors.java:572)
	at java.base/java.util.concurrent.FutureTask.run(FutureTask.java:317)
	at java.base/java.util.concurrent.ThreadPoolExecutor.runWorker(ThreadPoolExecutor.java:1144)
	at java.base/java.util.concurrent.ThreadPoolExecutor$Worker.run(ThreadPoolExecutor.java:642)
	at java.base/java.lang.Thread.run(Thread.java:1583)
Caused by: java.nio.channels.InterruptedByTimeoutException: null
	at com.mongodb.internal.connection.tlschannel.async.AsynchronousTlsChannelGroup.lambda$startRead$2(AsynchronousTlsChannelGroup.java:314)
	at java.base/java.util.concurrent.Executors$RunnableAdapter.call(Executors.java:572)
	at java.base/java.util.concurrent.FutureTask.run(FutureTask.java:317)
	at java.base/java.util.concurrent.ScheduledThreadPoolExecutor$ScheduledFutureTask.run(ScheduledThreadPoolExecutor.java:304)
	... 3 common frames omitted
09:28:17.160 [cluster-ClusterId{value='67e6346c07862b71ef0dcc77', description='Cluster0'}-cluster0-shard-00-01.qvcxx.mongodb.net:27017] INFO  org.mongodb.driver.cluster - Exception in monitor thread while connecting to server cluster0-shard-00-01.qvcxx.mongodb.net:27017
com.mongodb.MongoSocketReadTimeoutException: Timeout while receiving message
	at com.mongodb.internal.connection.InternalStreamConnection.createReadTimeoutException(InternalStreamConnection.java:824)
	at com.mongodb.internal.connection.InternalStreamConnection.translateReadException(InternalStreamConnection.java:812)
	at com.mongodb.internal.connection.InternalStreamConnection.receiveResponseBuffers(InternalStreamConnection.java:862)
	at com.mongodb.internal.connection.InternalStreamConnection.receiveCommandMessageResponse(InternalStreamConnection.java:517)
	at com.mongodb.internal.connection.InternalStreamConnection.receive(InternalStreamConnection.java:469)
	at com.mongodb.internal.connection.DefaultServerMonitor$ServerMonitor.lookupServerDescription(DefaultServerMonitor.java:249)
	at com.mongodb.internal.connection.DefaultServerMonitor$ServerMonitor.run(DefaultServerMonitor.java:176)
Caused by: java.net.SocketTimeoutException: Read timed out
	at java.base/sun.nio.ch.NioSocketImpl.timedRead(NioSocketImpl.java:278)
	at java.base/sun.nio.ch.NioSocketImpl.implRead(NioSocketImpl.java:304)
	at java.base/sun.nio.ch.NioSocketImpl.read(NioSocketImpl.java:346)
	at java.base/sun.nio.ch.NioSocketImpl$1.read(NioSocketImpl.java:796)
	at java.base/java.net.Socket$SocketInputStream.read(Socket.java:1099)
	at java.base/sun.security.ssl.SSLSocketInputRecord.read(SSLSocketInputRecord.java:489)
	at java.base/sun.security.ssl.SSLSocketInputRecord.readHeader(SSLSocketInputRecord.java:483)
	at java.base/sun.security.ssl.SSLSocketInputRecord.bytesInCompletePacket(SSLSocketInputRecord.java:70)
	at java.base/sun.security.ssl.SSLSocketImpl.readApplicationRecord(SSLSocketImpl.java:1461)
	at java.base/sun.security.ssl.SSLSocketImpl$AppInputStream.read(SSLSocketImpl.java:1066)
	at com.mongodb.internal.connection.SocketStream.read(SocketStream.java:182)
	at com.mongodb.internal.connection.InternalStreamConnection.receiveResponseBuffers(InternalStreamConnection.java:829)
	... 4 common frames omitted
09:28:17.229 [cluster-ClusterId{value='67e6347407862b71ef0dcc78', description='Cluster0'}-cluster0-shard-00-01.qvcxx.mongodb.net:27017] INFO  org.mongodb.driver.cluster - Exception in monitor thread while connecting to server cluster0-shard-00-01.qvcxx.mongodb.net:27017
com.mongodb.MongoSocketOpenException: Exception opening socket
	at com.mongodb.internal.connection.TlsChannelStreamFactoryFactory$TlsChannelStream.lambda$openAsync$0(TlsChannelStreamFactoryFactory.java:230)
	at com.mongodb.internal.connection.TlsChannelStreamFactoryFactory$SelectorMonitor.lambda$start$0(TlsChannelStreamFactoryFactory.java:128)
	at java.base/java.lang.Thread.run(Thread.java:1583)
Caused by: java.net.ConnectException: Connection refused
	at java.base/sun.nio.ch.Net.pollConnect(Native Method)
	at java.base/sun.nio.ch.Net.pollConnectNow(Net.java:682)
	at java.base/sun.nio.ch.SocketChannelImpl.finishConnect(SocketChannelImpl.java:973)
	at com.mongodb.internal.connection.TlsChannelStreamFactoryFactory$TlsChannelStream.lambda$openAsync$0(TlsChannelStreamFactoryFactory.java:202)
	... 2 common frames omitted
09:28:17.231 [cluster-ClusterId{value='67e6346c07862b71ef0dcc77', description='Cluster0'}-cluster0-shard-00-01.qvcxx.mongodb.net:27017] INFO  org.mongodb.driver.cluster - Exception in monitor thread while connecting to server cluster0-shard-00-01.qvcxx.mongodb.net:27017
com.mongodb.MongoSocketOpenException: Exception opening socket
	at com.mongodb.internal.connection.SocketStream.lambda$open$0(SocketStream.java:85)
	at java.base/java.util.Optional.orElseThrow(Optional.java:403)
	at com.mongodb.internal.connection.SocketStream.open(SocketStream.java:85)
	at com.mongodb.internal.connection.InternalStreamConnection.open(InternalStreamConnection.java:233)
	at com.mongodb.internal.connection.DefaultServerMonitor$ServerMonitor.lookupServerDescription(DefaultServerMonitor.java:219)
	at com.mongodb.internal.connection.DefaultServerMonitor$ServerMonitor.run(DefaultServerMonitor.java:176)
Caused by: java.net.ConnectException: Connection refused
	at java.base/sun.nio.ch.Net.pollConnect(Native Method)
	at java.base/sun.nio.ch.Net.pollConnectNow(Net.java:682)
	at java.base/sun.nio.ch.NioSocketImpl.timedFinishConnect(NioSocketImpl.java:549)
	at java.base/sun.nio.ch.NioSocketImpl.connect(NioSocketImpl.java:592)
	at java.base/java.net.SocksSocketImpl.connect(SocksSocketImpl.java:327)
	at java.base/java.net.Socket.connect(Socket.java:751)
	at java.base/sun.security.ssl.SSLSocketImpl.connect(SSLSocketImpl.java:304)
	at com.mongodb.internal.connection.SocketStreamHelper.initialize(SocketStreamHelper.java:76)
	at com.mongodb.internal.connection.SocketStream.initializeSocket(SocketStream.java:104)
	at com.mongodb.internal.connection.SocketStream.open(SocketStream.java:79)
	... 3 common frames omitted
09:28:17.776 [cluster-ClusterId{value='67e6347407862b71ef0dcc78', description='Cluster0'}-cluster0-shard-00-02.qvcxx.mongodb.net:27017] INFO  org.mongodb.driver.cluster - Exception in monitor thread while connecting to server cluster0-shard-00-02.qvcxx.mongodb.net:27017
com.mongodb.MongoSocketReadTimeoutException: Timeout while receiving message
	at com.mongodb.internal.connection.AsynchronousChannelStream$BasicCompletionHandler.failed(AsynchronousChannelStream.java:253)
	at com.mongodb.internal.connection.AsynchronousChannelStream$BasicCompletionHandler.failed(AsynchronousChannelStream.java:220)
	at com.mongodb.internal.connection.tlschannel.async.AsynchronousTlsChannel.lambda$read$6(AsynchronousTlsChannel.java:123)
	at java.base/java.util.concurrent.Executors$RunnableAdapter.call(Executors.java:572)
	at java.base/java.util.concurrent.FutureTask.run(FutureTask.java:317)
	at java.base/java.util.concurrent.ThreadPoolExecutor.runWorker(ThreadPoolExecutor.java:1144)
	at java.base/java.util.concurrent.ThreadPoolExecutor$Worker.run(ThreadPoolExecutor.java:642)
	at java.base/java.lang.Thread.run(Thread.java:1583)
Caused by: java.nio.channels.InterruptedByTimeoutException: null
	at com.mongodb.internal.connection.tlschannel.async.AsynchronousTlsChannelGroup.lambda$startRead$2(AsynchronousTlsChannelGroup.java:314)
	at java.base/java.util.concurrent.Executors$RunnableAdapter.call(Executors.java:572)
	at java.base/java.util.concurrent.FutureTask.run(FutureTask.java:317)
	at java.base/java.util.concurrent.ScheduledThreadPoolExecutor$ScheduledFutureTask.run(ScheduledThreadPoolExecutor.java:304)
	... 3 common frames omitted
09:28:17.784 [cluster-ClusterId{value='67e6346c07862b71ef0dcc77', description='Cluster0'}-cluster0-shard-00-02.qvcxx.mongodb.net:27017] INFO  org.mongodb.driver.cluster - Exception in monitor thread while connecting to server cluster0-shard-00-02.qvcxx.mongodb.net:27017
com.mongodb.MongoSocketReadTimeoutException: Timeout while receiving message
	at com.mongodb.internal.connection.InternalStreamConnection.createReadTimeoutException(InternalStreamConnection.java:824)
	at com.mongodb.internal.connection.InternalStreamConnection.translateReadException(InternalStreamConnection.java:812)
	at com.mongodb.internal.connection.InternalStreamConnection.receiveResponseBuffers(InternalStreamConnection.java:862)
	at com.mongodb.internal.connection.InternalStreamConnection.receiveCommandMessageResponse(InternalStreamConnection.java:517)
	at com.mongodb.internal.connection.InternalStreamConnection.receive(InternalStreamConnection.java:469)
	at com.mongodb.internal.connection.DefaultServerMonitor$ServerMonitor.lookupServerDescription(DefaultServerMonitor.java:249)
	at com.mongodb.internal.connection.DefaultServerMonitor$ServerMonitor.run(DefaultServerMonitor.java:176)
Caused by: java.net.SocketTimeoutException: Read timed out
	at java.base/sun.nio.ch.NioSocketImpl.timedRead(NioSocketImpl.java:278)
	at java.base/sun.nio.ch.NioSocketImpl.implRead(NioSocketImpl.java:304)
	at java.base/sun.nio.ch.NioSocketImpl.read(NioSocketImpl.java:346)
	at java.base/sun.nio.ch.NioSocketImpl$1.read(NioSocketImpl.java:796)
	at java.base/java.net.Socket$SocketInputStream.read(Socket.java:1099)
	at java.base/sun.security.ssl.SSLSocketInputRecord.read(SSLSocketInputRecord.java:489)
	at java.base/sun.security.ssl.SSLSocketInputRecord.readHeader(SSLSocketInputRecord.java:483)
	at java.base/sun.security.ssl.SSLSocketInputRecord.bytesInCompletePacket(SSLSocketInputRecord.java:70)
	at java.base/sun.security.ssl.SSLSocketImpl.readApplicationRecord(SSLSocketImpl.java:1461)
	at java.base/sun.security.ssl.SSLSocketImpl$AppInputStream.read(SSLSocketImpl.java:1066)
	at com.mongodb.internal.connection.SocketStream.read(SocketStream.java:182)
	at com.mongodb.internal.connection.InternalStreamConnection.receiveResponseBuffers(InternalStreamConnection.java:829)
	... 4 common frames omitted
09:28:17.837 [cluster-ClusterId{value='67e6347407862b71ef0dcc78', description='Cluster0'}-cluster0-shard-00-02.qvcxx.mongodb.net:27017] INFO  org.mongodb.driver.cluster - Exception in monitor thread while connecting to server cluster0-shard-00-02.qvcxx.mongodb.net:27017
com.mongodb.MongoSocketOpenException: Exception opening socket
	at com.mongodb.internal.connection.TlsChannelStreamFactoryFactory$TlsChannelStream.lambda$openAsync$0(TlsChannelStreamFactoryFactory.java:230)
	at com.mongodb.internal.connection.TlsChannelStreamFactoryFactory$SelectorMonitor.lambda$start$0(TlsChannelStreamFactoryFactory.java:128)
	at java.base/java.lang.Thread.run(Thread.java:1583)
Caused by: java.net.ConnectException: Connection refused
	at java.base/sun.nio.ch.Net.pollConnect(Native Method)
	at java.base/sun.nio.ch.Net.pollConnectNow(Net.java:682)
	at java.base/sun.nio.ch.SocketChannelImpl.finishConnect(SocketChannelImpl.java:973)
	at com.mongodb.internal.connection.TlsChannelStreamFactoryFactory$TlsChannelStream.lambda$openAsync$0(TlsChannelStreamFactoryFactory.java:202)
	... 2 common frames omitted
09:28:17.837 [cluster-ClusterId{value='67e6346c07862b71ef0dcc77', description='Cluster0'}-cluster0-shard-00-02.qvcxx.mongodb.net:27017] INFO  org.mongodb.driver.cluster - Exception in monitor thread while connecting to server cluster0-shard-00-02.qvcxx.mongodb.net:27017
com.mongodb.MongoSocketOpenException: Exception opening socket
	at com.mongodb.internal.connection.SocketStream.lambda$open$0(SocketStream.java:85)
	at java.base/java.util.Optional.orElseThrow(Optional.java:403)
	at com.mongodb.internal.connection.SocketStream.open(SocketStream.java:85)
	at com.mongodb.internal.connection.InternalStreamConnection.open(InternalStreamConnection.java:233)
	at com.mongodb.internal.connection.DefaultServerMonitor$ServerMonitor.lookupServerDescription(DefaultServerMonitor.java:219)
	at com.mongodb.internal.connection.DefaultServerMonitor$ServerMonitor.run(DefaultServerMonitor.java:176)
Caused by: java.net.ConnectException: Connection refused
	at java.base/sun.nio.ch.Net.pollConnect(Native Method)
	at java.base/sun.nio.ch.Net.pollConnectNow(Net.java:682)
	at java.base/sun.nio.ch.NioSocketImpl.timedFinishConnect(NioSocketImpl.java:549)
	at java.base/sun.nio.ch.NioSocketImpl.connect(NioSocketImpl.java:592)
	at java.base/java.net.SocksSocketImpl.connect(SocksSocketImpl.java:327)
	at java.base/java.net.Socket.connect(Socket.java:751)
	at java.base/sun.security.ssl.SSLSocketImpl.connect(SSLSocketImpl.java:304)
	at com.mongodb.internal.connection.SocketStreamHelper.initialize(SocketStreamHelper.java:76)
	at com.mongodb.internal.connection.SocketStream.initializeSocket(SocketStream.java:104)
	at com.mongodb.internal.connection.SocketStream.open(SocketStream.java:79)
	... 3 common frames omitted
09:28:24.230 [cluster-ClusterId{value='67e6346c07862b71ef0dcc77', description='Cluster0'}-cluster0-shard-00-00.qvcxx.mongodb.net:27017] INFO  org.mongodb.driver.cluster - Exception in monitor thread while connecting to server cluster0-shard-00-00.qvcxx.mongodb.net:27017
com.mongodb.MongoSocketReadTimeoutException: Timeout while receiving message
	at com.mongodb.internal.connection.InternalStreamConnection.createReadTimeoutException(InternalStreamConnection.java:824)
	at com.mongodb.internal.connection.InternalStreamConnection.translateReadException(InternalStreamConnection.java:812)
	at com.mongodb.internal.connection.InternalStreamConnection.receiveResponseBuffers(InternalStreamConnection.java:862)
	at com.mongodb.internal.connection.InternalStreamConnection.receiveCommandMessageResponse(InternalStreamConnection.java:517)
	at com.mongodb.internal.connection.InternalStreamConnection.receive(InternalStreamConnection.java:469)
	at com.mongodb.internal.connection.DefaultServerMonitor$ServerMonitor.lookupServerDescription(DefaultServerMonitor.java:249)
	at com.mongodb.internal.connection.DefaultServerMonitor$ServerMonitor.run(DefaultServerMonitor.java:176)
Caused by: java.net.SocketTimeoutException: Read timed out
	at java.base/sun.nio.ch.NioSocketImpl.timedRead(NioSocketImpl.java:278)
	at java.base/sun.nio.ch.NioSocketImpl.implRead(NioSocketImpl.java:304)
	at java.base/sun.nio.ch.NioSocketImpl.read(NioSocketImpl.java:346)
	at java.base/sun.nio.ch.NioSocketImpl$1.read(NioSocketImpl.java:796)
	at java.base/java.net.Socket$SocketInputStream.read(Socket.java:1099)
	at java.base/sun.security.ssl.SSLSocketInputRecord.read(SSLSocketInputRecord.java:489)
	at java.base/sun.security.ssl.SSLSocketInputRecord.readHeader(SSLSocketInputRecord.java:483)
	at java.base/sun.security.ssl.SSLSocketInputRecord.bytesInCompletePacket(SSLSocketInputRecord.java:70)
	at java.base/sun.security.ssl.SSLSocketImpl.readApplicationRecord(SSLSocketImpl.java:1461)
	at java.base/sun.security.ssl.SSLSocketImpl$AppInputStream.read(SSLSocketImpl.java:1066)
	at com.mongodb.internal.connection.SocketStream.read(SocketStream.java:182)
	at com.mongodb.internal.connection.InternalStreamConnection.receiveResponseBuffers(InternalStreamConnection.java:829)
	... 4 common frames omitted
09:28:24.329 [cluster-ClusterId{value='67e6346c07862b71ef0dcc77', description='Cluster0'}-cluster0-shard-00-00.qvcxx.mongodb.net:27017] INFO  org.mongodb.driver.cluster - Monitor thread successfully connected to server with description ServerDescription{address=cluster0-shard-00-00.qvcxx.mongodb.net:27017, type=REPLICA_SET_SECONDARY, cryptd=false, state=CONNECTED, ok=true, minWireVersion=0, maxWireVersion=25, maxDocumentSize=16777216, logicalSessionTimeoutMinutes=30, roundTripTimeNanos=65856536, minRoundTripTimeNanos=0, setName='atlas-13jav3-shard-0', canonicalAddress=cluster0-shard-00-00.qvcxx.mongodb.net:27017, hosts=[cluster0-shard-00-02.qvcxx.mongodb.net:27017, cluster0-shard-00-01.qvcxx.mongodb.net:27017, cluster0-shard-00-00.qvcxx.mongodb.net:27017], passives=[], arbiters=[], primary='cluster0-shard-00-01.qvcxx.mongodb.net:27017', tagSet=TagSet{[Tag{name='availabilityZone', value='aps1-az1'}, Tag{name='diskState', value='READY'}, Tag{name='nodeType', value='ELECTABLE'}, Tag{name='provider', value='AWS'}, Tag{name='region', value='AP_SOUTH_1'}, Tag{name='workloadType', value='OPERATIONAL'}]}, electionId=null, setVersion=1, topologyVersion=TopologyVersion{processId=67ddb822d8cfd643a5418275, counter=4}, lastWriteDate=Sat Mar 29 09:28:23 IST 2025, lastUpdateTimeNanos=274389788507208}
09:28:25.984 [cluster-ClusterId{value='67e6347407862b71ef0dcc78', description='Cluster0'}-cluster0-shard-00-00.qvcxx.mongodb.net:27017] INFO  org.mongodb.driver.cluster - Monitor thread successfully connected to server with description ServerDescription{address=cluster0-shard-00-00.qvcxx.mongodb.net:27017, type=REPLICA_SET_SECONDARY, cryptd=false, state=CONNECTED, ok=true, minWireVersion=0, maxWireVersion=25, maxDocumentSize=16777216, logicalSessionTimeoutMinutes=30, roundTripTimeNanos=72186424, minRoundTripTimeNanos=0, setName='atlas-13jav3-shard-0', canonicalAddress=cluster0-shard-00-00.qvcxx.mongodb.net:27017, hosts=[cluster0-shard-00-02.qvcxx.mongodb.net:27017, cluster0-shard-00-01.qvcxx.mongodb.net:27017, cluster0-shard-00-00.qvcxx.mongodb.net:27017], passives=[], arbiters=[], primary='cluster0-shard-00-01.qvcxx.mongodb.net:27017', tagSet=TagSet{[Tag{name='availabilityZone', value='aps1-az1'}, Tag{name='diskState', value='READY'}, Tag{name='nodeType', value='ELECTABLE'}, Tag{name='provider', value='AWS'}, Tag{name='region', value='AP_SOUTH_1'}, Tag{name='workloadType', value='OPERATIONAL'}]}, electionId=null, setVersion=1, topologyVersion=TopologyVersion{processId=67ddb822d8cfd643a5418275, counter=4}, lastWriteDate=Sat Mar 29 09:28:23 IST 2025, lastUpdateTimeNanos=274391444123330}
09:28:27.334 [cluster-ClusterId{value='67e6346c07862b71ef0dcc77', description='Cluster0'}-cluster0-shard-00-01.qvcxx.mongodb.net:27017] INFO  org.mongodb.driver.cluster - Monitor thread successfully connected to server with description ServerDescription{address=cluster0-shard-00-01.qvcxx.mongodb.net:27017, type=REPLICA_SET_PRIMARY, cryptd=false, state=CONNECTED, ok=true, minWireVersion=0, maxWireVersion=25, maxDocumentSize=16777216, logicalSessionTimeoutMinutes=30, roundTripTimeNanos=70150670, minRoundTripTimeNanos=0, setName='atlas-13jav3-shard-0', canonicalAddress=cluster0-shard-00-01.qvcxx.mongodb.net:27017, hosts=[cluster0-shard-00-02.qvcxx.mongodb.net:27017, cluster0-shard-00-01.qvcxx.mongodb.net:27017, cluster0-shard-00-00.qvcxx.mongodb.net:27017], passives=[], arbiters=[], primary='cluster0-shard-00-01.qvcxx.mongodb.net:27017', tagSet=TagSet{[Tag{name='availabilityZone', value='aps1-az3'}, Tag{name='diskState', value='READY'}, Tag{name='nodeType', value='ELECTABLE'}, Tag{name='provider', value='AWS'}, Tag{name='region', value='AP_SOUTH_1'}, Tag{name='workloadType', value='OPERATIONAL'}]}, electionId=7fffffff000000000000000a, setVersion=1, topologyVersion=TopologyVersion{processId=67ddb858e0626b8891f5d152, counter=6}, lastWriteDate=Sat Mar 29 09:28:23 IST 2025, lastUpdateTimeNanos=274392794513806}
09:28:27.335 [cluster-ClusterId{value='67e6346c07862b71ef0dcc77', description='Cluster0'}-cluster0-shard-00-01.qvcxx.mongodb.net:27017] INFO  org.mongodb.driver.cluster - Discovered replica set primary cluster0-shard-00-01.qvcxx.mongodb.net:27017 with max election id 7fffffff000000000000000a and max set version 1
09:28:27.380 [cluster-ClusterId{value='67e6347407862b71ef0dcc78', description='Cluster0'}-cluster0-shard-00-01.qvcxx.mongodb.net:27017] INFO  org.mongodb.driver.cluster - Monitor thread successfully connected to server with description ServerDescription{address=cluster0-shard-00-01.qvcxx.mongodb.net:27017, type=REPLICA_SET_PRIMARY, cryptd=false, state=CONNECTED, ok=true, minWireVersion=0, maxWireVersion=25, maxDocumentSize=16777216, logicalSessionTimeoutMinutes=30, roundTripTimeNanos=114919116, minRoundTripTimeNanos=0, setName='atlas-13jav3-shard-0', canonicalAddress=cluster0-shard-00-01.qvcxx.mongodb.net:27017, hosts=[cluster0-shard-00-02.qvcxx.mongodb.net:27017, cluster0-shard-00-01.qvcxx.mongodb.net:27017, cluster0-shard-00-00.qvcxx.mongodb.net:27017], passives=[], arbiters=[], primary='cluster0-shard-00-01.qvcxx.mongodb.net:27017', tagSet=TagSet{[Tag{name='availabilityZone', value='aps1-az3'}, Tag{name='diskState', value='READY'}, Tag{name='nodeType', value='ELECTABLE'}, Tag{name='provider', value='AWS'}, Tag{name='region', value='AP_SOUTH_1'}, Tag{name='workloadType', value='OPERATIONAL'}]}, electionId=7fffffff000000000000000a, setVersion=1, topologyVersion=TopologyVersion{processId=67ddb858e0626b8891f5d152, counter=6}, lastWriteDate=Sat Mar 29 09:28:23 IST 2025, lastUpdateTimeNanos=274392840094319}
09:28:27.380 [cluster-ClusterId{value='67e6347407862b71ef0dcc78', description='Cluster0'}-cluster0-shard-00-01.qvcxx.mongodb.net:27017] INFO  org.mongodb.driver.cluster - Discovered replica set primary cluster0-shard-00-01.qvcxx.mongodb.net:27017 with max election id 7fffffff000000000000000a and max set version 1
09:28:27.937 [cluster-ClusterId{value='67e6347407862b71ef0dcc78', description='Cluster0'}-cluster0-shard-00-02.qvcxx.mongodb.net:27017] INFO  org.mongodb.driver.cluster - Monitor thread successfully connected to server with description ServerDescription{address=cluster0-shard-00-02.qvcxx.mongodb.net:27017, type=REPLICA_SET_SECONDARY, cryptd=false, state=CONNECTED, ok=true, minWireVersion=0, maxWireVersion=25, maxDocumentSize=16777216, logicalSessionTimeoutMinutes=30, roundTripTimeNanos=68097149, minRoundTripTimeNanos=0, setName='atlas-13jav3-shard-0', canonicalAddress=cluster0-shard-00-02.qvcxx.mongodb.net:27017, hosts=[cluster0-shard-00-02.qvcxx.mongodb.net:27017, cluster0-shard-00-01.qvcxx.mongodb.net:27017, cluster0-shard-00-00.qvcxx.mongodb.net:27017], passives=[], arbiters=[], primary='cluster0-shard-00-01.qvcxx.mongodb.net:27017', tagSet=TagSet{[Tag{name='availabilityZone', value='aps1-az2'}, Tag{name='diskState', value='READY'}, Tag{name='nodeType', value='ELECTABLE'}, Tag{name='provider', value='AWS'}, Tag{name='region', value='AP_SOUTH_1'}, Tag{name='workloadType', value='OPERATIONAL'}]}, electionId=null, setVersion=1, topologyVersion=TopologyVersion{processId=67ddb88e103703b27320cada, counter=3}, lastWriteDate=Sat Mar 29 09:28:23 IST 2025, lastUpdateTimeNanos=274393396819665}
09:28:27.977 [cluster-ClusterId{value='67e6346c07862b71ef0dcc77', description='Cluster0'}-cluster0-shard-00-02.qvcxx.mongodb.net:27017] INFO  org.mongodb.driver.cluster - Monitor thread successfully connected to server with description ServerDescription{address=cluster0-shard-00-02.qvcxx.mongodb.net:27017, type=REPLICA_SET_SECONDARY, cryptd=false, state=CONNECTED, ok=true, minWireVersion=0, maxWireVersion=25, maxDocumentSize=16777216, logicalSessionTimeoutMinutes=30, roundTripTimeNanos=106921127, minRoundTripTimeNanos=0, setName='atlas-13jav3-shard-0', canonicalAddress=cluster0-shard-00-02.qvcxx.mongodb.net:27017, hosts=[cluster0-shard-00-02.qvcxx.mongodb.net:27017, cluster0-shard-00-01.qvcxx.mongodb.net:27017, cluster0-shard-00-00.qvcxx.mongodb.net:27017], passives=[], arbiters=[], primary='cluster0-shard-00-01.qvcxx.mongodb.net:27017', tagSet=TagSet{[Tag{name='availabilityZone', value='aps1-az2'}, Tag{name='diskState', value='READY'}, Tag{name='nodeType', value='ELECTABLE'}, Tag{name='provider', value='AWS'}, Tag{name='region', value='AP_SOUTH_1'}, Tag{name='workloadType', value='OPERATIONAL'}]}, electionId=null, setVersion=1, topologyVersion=TopologyVersion{processId=67ddb88e103703b27320cada, counter=3}, lastWriteDate=Sat Mar 29 09:28:23 IST 2025, lastUpdateTimeNanos=274393437345815}
10:23:04.792 [cluster-ClusterId{value='67e6346c07862b71ef0dcc77', description='Cluster0'}-cluster0-shard-00-00.qvcxx.mongodb.net:27017] INFO  org.mongodb.driver.cluster - Exception in monitor thread while connecting to server cluster0-shard-00-00.qvcxx.mongodb.net:27017
com.mongodb.MongoSocketReadTimeoutException: Timeout while receiving message
	at com.mongodb.internal.connection.InternalStreamConnection.createReadTimeoutException(InternalStreamConnection.java:824)
	at com.mongodb.internal.connection.InternalStreamConnection.translateReadException(InternalStreamConnection.java:812)
	at com.mongodb.internal.connection.InternalStreamConnection.receiveResponseBuffers(InternalStreamConnection.java:862)
	at com.mongodb.internal.connection.InternalStreamConnection.receiveCommandMessageResponse(InternalStreamConnection.java:517)
	at com.mongodb.internal.connection.InternalStreamConnection.receive(InternalStreamConnection.java:469)
	at com.mongodb.internal.connection.DefaultServerMonitor$ServerMonitor.lookupServerDescription(DefaultServerMonitor.java:249)
	at com.mongodb.internal.connection.DefaultServerMonitor$ServerMonitor.run(DefaultServerMonitor.java:176)
Caused by: java.net.SocketTimeoutException: Read timed out
	at java.base/sun.nio.ch.NioSocketImpl.timedRead(NioSocketImpl.java:278)
	at java.base/sun.nio.ch.NioSocketImpl.implRead(NioSocketImpl.java:304)
	at java.base/sun.nio.ch.NioSocketImpl.read(NioSocketImpl.java:346)
	at java.base/sun.nio.ch.NioSocketImpl$1.read(NioSocketImpl.java:796)
	at java.base/java.net.Socket$SocketInputStream.read(Socket.java:1099)
	at java.base/sun.security.ssl.SSLSocketInputRecord.read(SSLSocketInputRecord.java:489)
	at java.base/sun.security.ssl.SSLSocketInputRecord.readHeader(SSLSocketInputRecord.java:483)
	at java.base/sun.security.ssl.SSLSocketInputRecord.bytesInCompletePacket(SSLSocketInputRecord.java:70)
	at java.base/sun.security.ssl.SSLSocketImpl.readApplicationRecord(SSLSocketImpl.java:1461)
	at java.base/sun.security.ssl.SSLSocketImpl$AppInputStream.read(SSLSocketImpl.java:1066)
	at com.mongodb.internal.connection.SocketStream.read(SocketStream.java:182)
	at com.mongodb.internal.connection.InternalStreamConnection.receiveResponseBuffers(InternalStreamConnection.java:829)
	... 4 common frames omitted
10:23:04.849 [cluster-ClusterId{value='67e6346c07862b71ef0dcc77', description='Cluster0'}-cluster0-shard-00-00.qvcxx.mongodb.net:27017] INFO  org.mongodb.driver.cluster - Exception in monitor thread while connecting to server cluster0-shard-00-00.qvcxx.mongodb.net:27017
com.mongodb.MongoSocketOpenException: Exception opening socket
	at com.mongodb.internal.connection.SocketStream.lambda$open$0(SocketStream.java:85)
	at java.base/java.util.Optional.orElseThrow(Optional.java:403)
	at com.mongodb.internal.connection.SocketStream.open(SocketStream.java:85)
	at com.mongodb.internal.connection.InternalStreamConnection.open(InternalStreamConnection.java:233)
	at com.mongodb.internal.connection.DefaultServerMonitor$ServerMonitor.lookupServerDescription(DefaultServerMonitor.java:219)
	at com.mongodb.internal.connection.DefaultServerMonitor$ServerMonitor.run(DefaultServerMonitor.java:176)
Caused by: java.net.ConnectException: Connection refused
	at java.base/sun.nio.ch.Net.pollConnect(Native Method)
	at java.base/sun.nio.ch.Net.pollConnectNow(Net.java:682)
	at java.base/sun.nio.ch.NioSocketImpl.timedFinishConnect(NioSocketImpl.java:549)
	at java.base/sun.nio.ch.NioSocketImpl.connect(NioSocketImpl.java:592)
	at java.base/java.net.SocksSocketImpl.connect(SocksSocketImpl.java:327)
	at java.base/java.net.Socket.connect(Socket.java:751)
	at java.base/sun.security.ssl.SSLSocketImpl.connect(SSLSocketImpl.java:304)
	at com.mongodb.internal.connection.SocketStreamHelper.initialize(SocketStreamHelper.java:76)
	at com.mongodb.internal.connection.SocketStream.initializeSocket(SocketStream.java:104)
	at com.mongodb.internal.connection.SocketStream.open(SocketStream.java:79)
	... 3 common frames omitted
10:23:06.525 [cluster-ClusterId{value='67e6347407862b71ef0dcc78', description='Cluster0'}-cluster0-shard-00-00.qvcxx.mongodb.net:27017] INFO  org.mongodb.driver.cluster - Exception in monitor thread while connecting to server cluster0-shard-00-00.qvcxx.mongodb.net:27017
com.mongodb.MongoSocketReadTimeoutException: Timeout while receiving message
	at com.mongodb.internal.connection.AsynchronousChannelStream$BasicCompletionHandler.failed(AsynchronousChannelStream.java:253)
	at com.mongodb.internal.connection.AsynchronousChannelStream$BasicCompletionHandler.failed(AsynchronousChannelStream.java:220)
	at com.mongodb.internal.connection.tlschannel.async.AsynchronousTlsChannel.lambda$read$6(AsynchronousTlsChannel.java:123)
	at java.base/java.util.concurrent.Executors$RunnableAdapter.call(Executors.java:572)
	at java.base/java.util.concurrent.FutureTask.run(FutureTask.java:317)
	at java.base/java.util.concurrent.ThreadPoolExecutor.runWorker(ThreadPoolExecutor.java:1144)
	at java.base/java.util.concurrent.ThreadPoolExecutor$Worker.run(ThreadPoolExecutor.java:642)
	at java.base/java.lang.Thread.run(Thread.java:1583)
Caused by: java.nio.channels.InterruptedByTimeoutException: null
	at com.mongodb.internal.connection.tlschannel.async.AsynchronousTlsChannelGroup.lambda$startRead$2(AsynchronousTlsChannelGroup.java:314)
	at java.base/java.util.concurrent.Executors$RunnableAdapter.call(Executors.java:572)
	at java.base/java.util.concurrent.FutureTask.run(FutureTask.java:317)
	at java.base/java.util.concurrent.ScheduledThreadPoolExecutor$ScheduledFutureTask.run(ScheduledThreadPoolExecutor.java:304)
	... 3 common frames omitted
10:23:06.531 [cluster-ClusterId{value='67e6347407862b71ef0dcc78', description='Cluster0'}-cluster0-shard-00-00.qvcxx.mongodb.net:27017] INFO  org.mongodb.driver.cluster - Exception in monitor thread while connecting to server cluster0-shard-00-00.qvcxx.mongodb.net:27017
com.mongodb.MongoSocketOpenException: Exception opening socket
	at com.mongodb.internal.connection.TlsChannelStreamFactoryFactory$TlsChannelStream.lambda$openAsync$0(TlsChannelStreamFactoryFactory.java:230)
	at com.mongodb.internal.connection.TlsChannelStreamFactoryFactory$SelectorMonitor.lambda$start$0(TlsChannelStreamFactoryFactory.java:128)
	at java.base/java.lang.Thread.run(Thread.java:1583)
Caused by: java.net.ConnectException: Connection refused
	at java.base/sun.nio.ch.Net.pollConnect(Native Method)
	at java.base/sun.nio.ch.Net.pollConnectNow(Net.java:682)
	at java.base/sun.nio.ch.SocketChannelImpl.finishConnect(SocketChannelImpl.java:973)
	at com.mongodb.internal.connection.TlsChannelStreamFactoryFactory$TlsChannelStream.lambda$openAsync$0(TlsChannelStreamFactoryFactory.java:202)
	... 2 common frames omitted
10:23:07.861 [cluster-ClusterId{value='67e6346c07862b71ef0dcc77', description='Cluster0'}-cluster0-shard-00-01.qvcxx.mongodb.net:27017] INFO  org.mongodb.driver.cluster - Exception in monitor thread while connecting to server cluster0-shard-00-01.qvcxx.mongodb.net:27017
com.mongodb.MongoSocketReadTimeoutException: Timeout while receiving message
	at com.mongodb.internal.connection.InternalStreamConnection.createReadTimeoutException(InternalStreamConnection.java:824)
	at com.mongodb.internal.connection.InternalStreamConnection.translateReadException(InternalStreamConnection.java:812)
	at com.mongodb.internal.connection.InternalStreamConnection.receiveResponseBuffers(InternalStreamConnection.java:862)
	at com.mongodb.internal.connection.InternalStreamConnection.receiveCommandMessageResponse(InternalStreamConnection.java:517)
	at com.mongodb.internal.connection.InternalStreamConnection.receive(InternalStreamConnection.java:469)
	at com.mongodb.internal.connection.DefaultServerMonitor$ServerMonitor.lookupServerDescription(DefaultServerMonitor.java:249)
	at com.mongodb.internal.connection.DefaultServerMonitor$ServerMonitor.run(DefaultServerMonitor.java:176)
Caused by: java.net.SocketTimeoutException: Read timed out
	at java.base/sun.nio.ch.NioSocketImpl.timedRead(NioSocketImpl.java:278)
	at java.base/sun.nio.ch.NioSocketImpl.implRead(NioSocketImpl.java:304)
	at java.base/sun.nio.ch.NioSocketImpl.read(NioSocketImpl.java:346)
	at java.base/sun.nio.ch.NioSocketImpl$1.read(NioSocketImpl.java:796)
	at java.base/java.net.Socket$SocketInputStream.read(Socket.java:1099)
	at java.base/sun.security.ssl.SSLSocketInputRecord.read(SSLSocketInputRecord.java:489)
	at java.base/sun.security.ssl.SSLSocketInputRecord.readHeader(SSLSocketInputRecord.java:483)
	at java.base/sun.security.ssl.SSLSocketInputRecord.bytesInCompletePacket(SSLSocketInputRecord.java:70)
	at java.base/sun.security.ssl.SSLSocketImpl.readApplicationRecord(SSLSocketImpl.java:1461)
	at java.base/sun.security.ssl.SSLSocketImpl$AppInputStream.read(SSLSocketImpl.java:1066)
	at com.mongodb.internal.connection.SocketStream.read(SocketStream.java:182)
	at com.mongodb.internal.connection.InternalStreamConnection.receiveResponseBuffers(InternalStreamConnection.java:829)
	... 4 common frames omitted
10:23:07.882 [cluster-ClusterId{value='67e6347407862b71ef0dcc78', description='Cluster0'}-cluster0-shard-00-01.qvcxx.mongodb.net:27017] INFO  org.mongodb.driver.cluster - Exception in monitor thread while connecting to server cluster0-shard-00-01.qvcxx.mongodb.net:27017
com.mongodb.MongoSocketReadTimeoutException: Timeout while receiving message
	at com.mongodb.internal.connection.AsynchronousChannelStream$BasicCompletionHandler.failed(AsynchronousChannelStream.java:253)
	at com.mongodb.internal.connection.AsynchronousChannelStream$BasicCompletionHandler.failed(AsynchronousChannelStream.java:220)
	at com.mongodb.internal.connection.tlschannel.async.AsynchronousTlsChannel.lambda$read$6(AsynchronousTlsChannel.java:123)
	at java.base/java.util.concurrent.Executors$RunnableAdapter.call(Executors.java:572)
	at java.base/java.util.concurrent.FutureTask.run(FutureTask.java:317)
	at java.base/java.util.concurrent.ThreadPoolExecutor.runWorker(ThreadPoolExecutor.java:1144)
	at java.base/java.util.concurrent.ThreadPoolExecutor$Worker.run(ThreadPoolExecutor.java:642)
	at java.base/java.lang.Thread.run(Thread.java:1583)
Caused by: java.nio.channels.InterruptedByTimeoutException: null
	at com.mongodb.internal.connection.tlschannel.async.AsynchronousTlsChannelGroup.lambda$startRead$2(AsynchronousTlsChannelGroup.java:314)
	at java.base/java.util.concurrent.Executors$RunnableAdapter.call(Executors.java:572)
	at java.base/java.util.concurrent.FutureTask.run(FutureTask.java:317)
	at java.base/java.util.concurrent.ScheduledThreadPoolExecutor$ScheduledFutureTask.run(ScheduledThreadPoolExecutor.java:304)
	... 3 common frames omitted
10:23:07.909 [cluster-ClusterId{value='67e6347407862b71ef0dcc78', description='Cluster0'}-cluster0-shard-00-01.qvcxx.mongodb.net:27017] INFO  org.mongodb.driver.cluster - Exception in monitor thread while connecting to server cluster0-shard-00-01.qvcxx.mongodb.net:27017
com.mongodb.MongoSocketOpenException: Exception opening socket
	at com.mongodb.internal.connection.TlsChannelStreamFactoryFactory$TlsChannelStream.lambda$openAsync$0(TlsChannelStreamFactoryFactory.java:230)
	at com.mongodb.internal.connection.TlsChannelStreamFactoryFactory$SelectorMonitor.lambda$start$0(TlsChannelStreamFactoryFactory.java:128)
	at java.base/java.lang.Thread.run(Thread.java:1583)
Caused by: java.net.ConnectException: Connection refused
	at java.base/sun.nio.ch.Net.pollConnect(Native Method)
	at java.base/sun.nio.ch.Net.pollConnectNow(Net.java:682)
	at java.base/sun.nio.ch.SocketChannelImpl.finishConnect(SocketChannelImpl.java:973)
	at com.mongodb.internal.connection.TlsChannelStreamFactoryFactory$TlsChannelStream.lambda$openAsync$0(TlsChannelStreamFactoryFactory.java:202)
	... 2 common frames omitted
10:23:07.912 [cluster-ClusterId{value='67e6346c07862b71ef0dcc77', description='Cluster0'}-cluster0-shard-00-01.qvcxx.mongodb.net:27017] INFO  org.mongodb.driver.cluster - Exception in monitor thread while connecting to server cluster0-shard-00-01.qvcxx.mongodb.net:27017
com.mongodb.MongoSocketOpenException: Exception opening socket
	at com.mongodb.internal.connection.SocketStream.lambda$open$0(SocketStream.java:85)
	at java.base/java.util.Optional.orElseThrow(Optional.java:403)
	at com.mongodb.internal.connection.SocketStream.open(SocketStream.java:85)
	at com.mongodb.internal.connection.InternalStreamConnection.open(InternalStreamConnection.java:233)
	at com.mongodb.internal.connection.DefaultServerMonitor$ServerMonitor.lookupServerDescription(DefaultServerMonitor.java:219)
	at com.mongodb.internal.connection.DefaultServerMonitor$ServerMonitor.run(DefaultServerMonitor.java:176)
Caused by: java.net.ConnectException: Connection refused
	at java.base/sun.nio.ch.Net.pollConnect(Native Method)
	at java.base/sun.nio.ch.Net.pollConnectNow(Net.java:682)
	at java.base/sun.nio.ch.NioSocketImpl.timedFinishConnect(NioSocketImpl.java:549)
	at java.base/sun.nio.ch.NioSocketImpl.connect(NioSocketImpl.java:592)
	at java.base/java.net.SocksSocketImpl.connect(SocksSocketImpl.java:327)
	at java.base/java.net.Socket.connect(Socket.java:751)
	at java.base/sun.security.ssl.SSLSocketImpl.connect(SSLSocketImpl.java:304)
	at com.mongodb.internal.connection.SocketStreamHelper.initialize(SocketStreamHelper.java:76)
	at com.mongodb.internal.connection.SocketStream.initializeSocket(SocketStream.java:104)
	at com.mongodb.internal.connection.SocketStream.open(SocketStream.java:79)
	... 3 common frames omitted
10:23:08.348 [cluster-ClusterId{value='67e6347407862b71ef0dcc78', description='Cluster0'}-cluster0-shard-00-02.qvcxx.mongodb.net:27017] INFO  org.mongodb.driver.cluster - Exception in monitor thread while connecting to server cluster0-shard-00-02.qvcxx.mongodb.net:27017
com.mongodb.MongoSocketReadTimeoutException: Timeout while receiving message
	at com.mongodb.internal.connection.AsynchronousChannelStream$BasicCompletionHandler.failed(AsynchronousChannelStream.java:253)
	at com.mongodb.internal.connection.AsynchronousChannelStream$BasicCompletionHandler.failed(AsynchronousChannelStream.java:220)
	at com.mongodb.internal.connection.tlschannel.async.AsynchronousTlsChannel.lambda$read$6(AsynchronousTlsChannel.java:123)
	at java.base/java.util.concurrent.Executors$RunnableAdapter.call(Executors.java:572)
	at java.base/java.util.concurrent.FutureTask.run(FutureTask.java:317)
	at java.base/java.util.concurrent.ThreadPoolExecutor.runWorker(ThreadPoolExecutor.java:1144)
	at java.base/java.util.concurrent.ThreadPoolExecutor$Worker.run(ThreadPoolExecutor.java:642)
	at java.base/java.lang.Thread.run(Thread.java:1583)
Caused by: java.nio.channels.InterruptedByTimeoutException: null
	at com.mongodb.internal.connection.tlschannel.async.AsynchronousTlsChannelGroup.lambda$startRead$2(AsynchronousTlsChannelGroup.java:314)
	at java.base/java.util.concurrent.Executors$RunnableAdapter.call(Executors.java:572)
	at java.base/java.util.concurrent.FutureTask.run(FutureTask.java:317)
	at java.base/java.util.concurrent.ScheduledThreadPoolExecutor$ScheduledFutureTask.run(ScheduledThreadPoolExecutor.java:304)
	... 3 common frames omitted
10:23:08.352 [cluster-ClusterId{value='67e6347407862b71ef0dcc78', description='Cluster0'}-cluster0-shard-00-02.qvcxx.mongodb.net:27017] INFO  org.mongodb.driver.cluster - Exception in monitor thread while connecting to server cluster0-shard-00-02.qvcxx.mongodb.net:27017
com.mongodb.MongoSocketOpenException: Exception opening socket
	at com.mongodb.internal.connection.TlsChannelStreamFactoryFactory$TlsChannelStream.lambda$openAsync$0(TlsChannelStreamFactoryFactory.java:230)
	at com.mongodb.internal.connection.TlsChannelStreamFactoryFactory$SelectorMonitor.lambda$start$0(TlsChannelStreamFactoryFactory.java:128)
	at java.base/java.lang.Thread.run(Thread.java:1583)
Caused by: java.net.ConnectException: Connection refused
	at java.base/sun.nio.ch.Net.pollConnect(Native Method)
	at java.base/sun.nio.ch.Net.pollConnectNow(Net.java:682)
	at java.base/sun.nio.ch.SocketChannelImpl.finishConnect(SocketChannelImpl.java:973)
	at com.mongodb.internal.connection.TlsChannelStreamFactoryFactory$TlsChannelStream.lambda$openAsync$0(TlsChannelStreamFactoryFactory.java:202)
	... 2 common frames omitted
10:23:08.419 [cluster-ClusterId{value='67e6346c07862b71ef0dcc77', description='Cluster0'}-cluster0-shard-00-02.qvcxx.mongodb.net:27017] INFO  org.mongodb.driver.cluster - Exception in monitor thread while connecting to server cluster0-shard-00-02.qvcxx.mongodb.net:27017
com.mongodb.MongoSocketReadTimeoutException: Timeout while receiving message
	at com.mongodb.internal.connection.InternalStreamConnection.createReadTimeoutException(InternalStreamConnection.java:824)
	at com.mongodb.internal.connection.InternalStreamConnection.translateReadException(InternalStreamConnection.java:812)
	at com.mongodb.internal.connection.InternalStreamConnection.receiveResponseBuffers(InternalStreamConnection.java:862)
	at com.mongodb.internal.connection.InternalStreamConnection.receiveCommandMessageResponse(InternalStreamConnection.java:517)
	at com.mongodb.internal.connection.InternalStreamConnection.receive(InternalStreamConnection.java:469)
	at com.mongodb.internal.connection.DefaultServerMonitor$ServerMonitor.lookupServerDescription(DefaultServerMonitor.java:249)
	at com.mongodb.internal.connection.DefaultServerMonitor$ServerMonitor.run(DefaultServerMonitor.java:176)
Caused by: java.net.SocketTimeoutException: Read timed out
	at java.base/sun.nio.ch.NioSocketImpl.timedRead(NioSocketImpl.java:278)
	at java.base/sun.nio.ch.NioSocketImpl.implRead(NioSocketImpl.java:304)
	at java.base/sun.nio.ch.NioSocketImpl.read(NioSocketImpl.java:346)
	at java.base/sun.nio.ch.NioSocketImpl$1.read(NioSocketImpl.java:796)
	at java.base/java.net.Socket$SocketInputStream.read(Socket.java:1099)
	at java.base/sun.security.ssl.SSLSocketInputRecord.read(SSLSocketInputRecord.java:489)
	at java.base/sun.security.ssl.SSLSocketInputRecord.readHeader(SSLSocketInputRecord.java:483)
	at java.base/sun.security.ssl.SSLSocketInputRecord.bytesInCompletePacket(SSLSocketInputRecord.java:70)
	at java.base/sun.security.ssl.SSLSocketImpl.readApplicationRecord(SSLSocketImpl.java:1461)
	at java.base/sun.security.ssl.SSLSocketImpl$AppInputStream.read(SSLSocketImpl.java:1066)
	at com.mongodb.internal.connection.SocketStream.read(SocketStream.java:182)
	at com.mongodb.internal.connection.InternalStreamConnection.receiveResponseBuffers(InternalStreamConnection.java:829)
	... 4 common frames omitted
10:23:08.422 [cluster-ClusterId{value='67e6346c07862b71ef0dcc77', description='Cluster0'}-cluster0-shard-00-02.qvcxx.mongodb.net:27017] INFO  org.mongodb.driver.cluster - Exception in monitor thread while connecting to server cluster0-shard-00-02.qvcxx.mongodb.net:27017
com.mongodb.MongoSocketOpenException: Exception opening socket
	at com.mongodb.internal.connection.SocketStream.lambda$open$0(SocketStream.java:85)
	at java.base/java.util.Optional.orElseThrow(Optional.java:403)
	at com.mongodb.internal.connection.SocketStream.open(SocketStream.java:85)
	at com.mongodb.internal.connection.InternalStreamConnection.open(InternalStreamConnection.java:233)
	at com.mongodb.internal.connection.DefaultServerMonitor$ServerMonitor.lookupServerDescription(DefaultServerMonitor.java:219)
	at com.mongodb.internal.connection.DefaultServerMonitor$ServerMonitor.run(DefaultServerMonitor.java:176)
Caused by: java.net.ConnectException: Connection refused
	at java.base/sun.nio.ch.Net.pollConnect(Native Method)
	at java.base/sun.nio.ch.Net.pollConnectNow(Net.java:682)
	at java.base/sun.nio.ch.NioSocketImpl.timedFinishConnect(NioSocketImpl.java:549)
	at java.base/sun.nio.ch.NioSocketImpl.connect(NioSocketImpl.java:592)
	at java.base/java.net.SocksSocketImpl.connect(SocksSocketImpl.java:327)
	at java.base/java.net.Socket.connect(Socket.java:751)
	at java.base/sun.security.ssl.SSLSocketImpl.connect(SSLSocketImpl.java:304)
	at com.mongodb.internal.connection.SocketStreamHelper.initialize(SocketStreamHelper.java:76)
	at com.mongodb.internal.connection.SocketStream.initializeSocket(SocketStream.java:104)
	at com.mongodb.internal.connection.SocketStream.open(SocketStream.java:79)
	... 3 common frames omitted
18:07:05.176 [cluster-ClusterId{value='67e6347407862b71ef0dcc78', description='Cluster0'}-cluster0-shard-00-00.qvcxx.mongodb.net:27017] INFO  org.mongodb.driver.cluster - Monitor thread successfully connected to server with description ServerDescription{address=cluster0-shard-00-00.qvcxx.mongodb.net:27017, type=REPLICA_SET_SECONDARY, cryptd=false, state=CONNECTED, ok=true, minWireVersion=0, maxWireVersion=25, maxDocumentSize=16777216, logicalSessionTimeoutMinutes=30, roundTripTimeNanos=75456907, minRoundTripTimeNanos=0, setName='atlas-13jav3-shard-0', canonicalAddress=cluster0-shard-00-00.qvcxx.mongodb.net:27017, hosts=[cluster0-shard-00-02.qvcxx.mongodb.net:27017, cluster0-shard-00-01.qvcxx.mongodb.net:27017, cluster0-shard-00-00.qvcxx.mongodb.net:27017], passives=[], arbiters=[], primary='cluster0-shard-00-01.qvcxx.mongodb.net:27017', tagSet=TagSet{[Tag{name='availabilityZone', value='aps1-az1'}, Tag{name='diskState', value='READY'}, Tag{name='nodeType', value='ELECTABLE'}, Tag{name='provider', value='AWS'}, Tag{name='region', value='AP_SOUTH_1'}, Tag{name='workloadType', value='OPERATIONAL'}]}, electionId=null, setVersion=1, topologyVersion=TopologyVersion{processId=67ddb822d8cfd643a5418275, counter=4}, lastWriteDate=Sat Mar 29 18:07:04 IST 2025, lastUpdateTimeNanos=275622774005115}
18:07:07.080 [cluster-ClusterId{value='67e6346c07862b71ef0dcc77', description='Cluster0'}-cluster0-shard-00-02.qvcxx.mongodb.net:27017] INFO  org.mongodb.driver.cluster - Monitor thread successfully connected to server with description ServerDescription{address=cluster0-shard-00-02.qvcxx.mongodb.net:27017, type=REPLICA_SET_SECONDARY, cryptd=false, state=CONNECTED, ok=true, minWireVersion=0, maxWireVersion=25, maxDocumentSize=16777216, logicalSessionTimeoutMinutes=30, roundTripTimeNanos=112640622, minRoundTripTimeNanos=0, setName='atlas-13jav3-shard-0', canonicalAddress=cluster0-shard-00-02.qvcxx.mongodb.net:27017, hosts=[cluster0-shard-00-02.qvcxx.mongodb.net:27017, cluster0-shard-00-01.qvcxx.mongodb.net:27017, cluster0-shard-00-00.qvcxx.mongodb.net:27017], passives=[], arbiters=[], primary='cluster0-shard-00-01.qvcxx.mongodb.net:27017', tagSet=TagSet{[Tag{name='availabilityZone', value='aps1-az2'}, Tag{name='diskState', value='READY'}, Tag{name='nodeType', value='ELECTABLE'}, Tag{name='provider', value='AWS'}, Tag{name='region', value='AP_SOUTH_1'}, Tag{name='workloadType', value='OPERATIONAL'}]}, electionId=null, setVersion=1, topologyVersion=TopologyVersion{processId=67ddb88e103703b27320cada, counter=3}, lastWriteDate=Sat Mar 29 18:07:04 IST 2025, lastUpdateTimeNanos=275624678823150}
18:07:07.130 [cluster-ClusterId{value='67e6347407862b71ef0dcc78', description='Cluster0'}-cluster0-shard-00-02.qvcxx.mongodb.net:27017] INFO  org.mongodb.driver.cluster - Monitor thread successfully connected to server with description ServerDescription{address=cluster0-shard-00-02.qvcxx.mongodb.net:27017, type=REPLICA_SET_SECONDARY, cryptd=false, state=CONNECTED, ok=true, minWireVersion=0, maxWireVersion=25, maxDocumentSize=16777216, logicalSessionTimeoutMinutes=30, roundTripTimeNanos=159633204, minRoundTripTimeNanos=0, setName='atlas-13jav3-shard-0', canonicalAddress=cluster0-shard-00-02.qvcxx.mongodb.net:27017, hosts=[cluster0-shard-00-02.qvcxx.mongodb.net:27017, cluster0-shard-00-01.qvcxx.mongodb.net:27017, cluster0-shard-00-00.qvcxx.mongodb.net:27017], passives=[], arbiters=[], primary='cluster0-shard-00-01.qvcxx.mongodb.net:27017', tagSet=TagSet{[Tag{name='availabilityZone', value='aps1-az2'}, Tag{name='diskState', value='READY'}, Tag{name='nodeType', value='ELECTABLE'}, Tag{name='provider', value='AWS'}, Tag{name='region', value='AP_SOUTH_1'}, Tag{name='workloadType', value='OPERATIONAL'}]}, electionId=null, setVersion=1, topologyVersion=TopologyVersion{processId=67ddb88e103703b27320cada, counter=3}, lastWriteDate=Sat Mar 29 18:07:04 IST 2025, lastUpdateTimeNanos=275624729345587}
18:07:07.247 [cluster-ClusterId{value='67e6346c07862b71ef0dcc77', description='Cluster0'}-cluster0-shard-00-01.qvcxx.mongodb.net:27017] INFO  org.mongodb.driver.cluster - Monitor thread successfully connected to server with description ServerDescription{address=cluster0-shard-00-01.qvcxx.mongodb.net:27017, type=REPLICA_SET_PRIMARY, cryptd=false, state=CONNECTED, ok=true, minWireVersion=0, maxWireVersion=25, maxDocumentSize=16777216, logicalSessionTimeoutMinutes=30, roundTripTimeNanos=97807974, minRoundTripTimeNanos=0, setName='atlas-13jav3-shard-0', canonicalAddress=cluster0-shard-00-01.qvcxx.mongodb.net:27017, hosts=[cluster0-shard-00-02.qvcxx.mongodb.net:27017, cluster0-shard-00-01.qvcxx.mongodb.net:27017, cluster0-shard-00-00.qvcxx.mongodb.net:27017], passives=[], arbiters=[], primary='cluster0-shard-00-01.qvcxx.mongodb.net:27017', tagSet=TagSet{[Tag{name='availabilityZone', value='aps1-az3'}, Tag{name='diskState', value='READY'}, Tag{name='nodeType', value='ELECTABLE'}, Tag{name='provider', value='AWS'}, Tag{name='region', value='AP_SOUTH_1'}, Tag{name='workloadType', value='OPERATIONAL'}]}, electionId=7fffffff000000000000000a, setVersion=1, topologyVersion=TopologyVersion{processId=67ddb858e0626b8891f5d152, counter=6}, lastWriteDate=Sat Mar 29 18:07:04 IST 2025, lastUpdateTimeNanos=275624846067134}
18:07:07.248 [cluster-ClusterId{value='67e6346c07862b71ef0dcc77', description='Cluster0'}-cluster0-shard-00-01.qvcxx.mongodb.net:27017] INFO  org.mongodb.driver.cluster - Discovered replica set primary cluster0-shard-00-01.qvcxx.mongodb.net:27017 with max election id 7fffffff000000000000000a and max set version 1
18:07:07.824 [cluster-ClusterId{value='67e6347407862b71ef0dcc78', description='Cluster0'}-cluster0-shard-00-01.qvcxx.mongodb.net:27017] INFO  org.mongodb.driver.cluster - Monitor thread successfully connected to server with description ServerDescription{address=cluster0-shard-00-01.qvcxx.mongodb.net:27017, type=REPLICA_SET_PRIMARY, cryptd=false, state=CONNECTED, ok=true, minWireVersion=0, maxWireVersion=25, maxDocumentSize=16777216, logicalSessionTimeoutMinutes=30, roundTripTimeNanos=112756330, minRoundTripTimeNanos=0, setName='atlas-13jav3-shard-0', canonicalAddress=cluster0-shard-00-01.qvcxx.mongodb.net:27017, hosts=[cluster0-shard-00-02.qvcxx.mongodb.net:27017, cluster0-shard-00-01.qvcxx.mongodb.net:27017, cluster0-shard-00-00.qvcxx.mongodb.net:27017], passives=[], arbiters=[], primary='cluster0-shard-00-01.qvcxx.mongodb.net:27017', tagSet=TagSet{[Tag{name='availabilityZone', value='aps1-az3'}, Tag{name='diskState', value='READY'}, Tag{name='nodeType', value='ELECTABLE'}, Tag{name='provider', value='AWS'}, Tag{name='region', value='AP_SOUTH_1'}, Tag{name='workloadType', value='OPERATIONAL'}]}, electionId=7fffffff000000000000000a, setVersion=1, topologyVersion=TopologyVersion{processId=67ddb858e0626b8891f5d152, counter=6}, lastWriteDate=Sat Mar 29 18:07:04 IST 2025, lastUpdateTimeNanos=275625422364718}
18:07:07.824 [cluster-ClusterId{value='67e6347407862b71ef0dcc78', description='Cluster0'}-cluster0-shard-00-01.qvcxx.mongodb.net:27017] INFO  org.mongodb.driver.cluster - Discovered replica set primary cluster0-shard-00-01.qvcxx.mongodb.net:27017 with max election id 7fffffff000000000000000a and max set version 1
18:07:14.264 [cluster-ClusterId{value='67e6346c07862b71ef0dcc77', description='Cluster0'}-cluster0-shard-00-00.qvcxx.mongodb.net:27017] INFO  org.mongodb.driver.cluster - Monitor thread successfully connected to server with description ServerDescription{address=cluster0-shard-00-00.qvcxx.mongodb.net:27017, type=REPLICA_SET_SECONDARY, cryptd=false, state=CONNECTED, ok=true, minWireVersion=0, maxWireVersion=25, maxDocumentSize=16777216, logicalSessionTimeoutMinutes=30, roundTripTimeNanos=79209739, minRoundTripTimeNanos=0, setName='atlas-13jav3-shard-0', canonicalAddress=cluster0-shard-00-00.qvcxx.mongodb.net:27017, hosts=[cluster0-shard-00-02.qvcxx.mongodb.net:27017, cluster0-shard-00-01.qvcxx.mongodb.net:27017, cluster0-shard-00-00.qvcxx.mongodb.net:27017], passives=[], arbiters=[], primary='cluster0-shard-00-01.qvcxx.mongodb.net:27017', tagSet=TagSet{[Tag{name='availabilityZone', value='aps1-az1'}, Tag{name='diskState', value='READY'}, Tag{name='nodeType', value='ELECTABLE'}, Tag{name='provider', value='AWS'}, Tag{name='region', value='AP_SOUTH_1'}, Tag{name='workloadType', value='OPERATIONAL'}]}, electionId=null, setVersion=1, topologyVersion=TopologyVersion{processId=67ddb822d8cfd643a5418275, counter=4}, lastWriteDate=Sat Mar 29 18:07:11 IST 2025, lastUpdateTimeNanos=275631862630145}
19:23:07.019 [SpringApplicationShutdownHook] INFO  o.s.b.w.e.tomcat.GracefulShutdown - Commencing graceful shutdown. Waiting for active requests to complete
19:23:07.022 [tomcat-shutdown] INFO  o.s.b.w.e.tomcat.GracefulShutdown - Graceful shutdown complete
